<?xml version="1.0" encoding="UTF-8"?>
<testng-results ignored="0" total="1" passed="1" failed="0" skipped="0">
  <reporter-output>
    <line>
      <![CDATA[LogOut The Application]]>
    </line>
    <line>
      <![CDATA[Close The Browse]]>
    </line>
  </reporter-output>
  <suite started-at="2022-08-25T23:01:41 IST" name="Default suite" finished-at="2022-08-25T23:01:50 IST" duration-ms="8592">
    <groups>
    </groups>
    <test started-at="2022-08-25T23:01:41 IST" name="Default test" finished-at="2022-08-25T23:01:50 IST" duration-ms="8592">
      <class name="Test_Kite.TestClass">
        <test-method is-config="true" signature="openBrowser()[pri:0, instance:Test_Kite.TestClass@644baf4a]" started-at="2022-08-25T23:01:41 IST" name="openBrowser" finished-at="2022-08-25T23:01:47 IST" duration-ms="5957" status="PASS">
          <reporter-output>
          </reporter-output>
        </test-method> <!-- openBrowser -->
        <test-method is-config="true" signature="loginToApp()[pri:0, instance:Test_Kite.TestClass@644baf4a]" started-at="2022-08-25T23:01:47 IST" name="loginToApp" finished-at="2022-08-25T23:01:49 IST" duration-ms="1384" status="PASS">
          <reporter-output>
          </reporter-output>
        </test-method> <!-- loginToApp -->
        <test-method signature="verifyUID()[pri:0, instance:Test_Kite.TestClass@644baf4a]" started-at="2022-08-25T23:01:49 IST" name="verifyUID" finished-at="2022-08-25T23:01:50 IST" duration-ms="1195" status="PASS">
          <reporter-output>
          </reporter-output>
        </test-method> <!-- verifyUID -->
        <test-method is-config="true" signature="logOutApp()[pri:0, instance:Test_Kite.TestClass@644baf4a]" started-at="2022-08-25T23:01:50 IST" name="logOutApp" finished-at="2022-08-25T23:01:50 IST" duration-ms="2" status="PASS">
          <reporter-output>
            <line>
              <![CDATA[LogOut The Application]]>
            </line>
          </reporter-output>
        </test-method> <!-- logOutApp -->
        <test-method is-config="true" signature="closeBrowser()[pri:0, instance:Test_Kite.TestClass@644baf4a]" started-at="2022-08-25T23:01:50 IST" name="closeBrowser" finished-at="2022-08-25T23:01:50 IST" duration-ms="0" status="PASS">
          <reporter-output>
            <line>
              <![CDATA[Close The Browse]]>
            </line>
          </reporter-output>
        </test-method> <!-- closeBrowser -->
      </class> <!-- Test_Kite.TestClass -->
    </test> <!-- Default test -->
  </suite> <!-- Default suite -->
</testng-results>
